<?xml version="1.0" encoding="UTF-8"?>
<!-- Generated by org.testng.reporters.JUnitReportReporter -->
<testsuite hostname="LAPTOP-3J0F6NNF" failures="0" tests="4" name="example.TestAPI" time="5.124" errors="0" timestamp="2024-04-12T23:39:15 IST" skipped="0">
  <testcase classname="example.TestAPI" name="delete" time="0.852"/>
  <system-out/>
  <testcase classname="example.TestAPI" name="getmethod" time="1.181"/>
  <system-out/>
  <testcase classname="example.TestAPI" name="post" time="0.733"/>
  <system-out/>
  <testcase classname="example.TestAPI" name="auth" time="2.358"/>
  <system-out/>
</testsuite> <!-- example.TestAPI -->
